<testsuites id="" name="" tests="1" failures="0" skipped="0" errors="0" time="6.792337">
<testsuite name="NaveenTests/06_NoIncognito.spec.ts" timestamp="2026-07-25T01:38:55.881Z" hostname="Google Chrome" tests="1" failures="0" skipped="0" time="6.334" errors="0">
<testcase name="No Incognito test" classname="NaveenTests/06_NoIncognito.spec.ts" time="6.334">
<system-out>
<![CDATA[
[[ATTACHMENT|test-results/NaveenTests-06_NoIncognito-No-Incognito-test-Google-Chrome/test-finished-1.png]]

[[ATTACHMENT|test-results/NaveenTests-06_NoIncognito-No-Incognito-test-Google-Chrome/trace.zip]]
]]>
</system-out>
</testcase>
</testsuite>
</testsuites>